2017-10-24 16:45:38 -  - exec CUpdateClientPartner::GetUpdatesList
2017-10-24 16:45:38 -  - exec CUpdateClientPartner::__CollectRequestData
2017-10-24 16:45:38 -  - utf=Y&lang=ru&stable=Y&CANGZIP=Y&SUPD_DBS=MYSQL&XE=N&CLIENT_SITE=dev.russian-manchester.com&LICENSE_KEY=X&SUPD_STS=1&SUPD_URS=0&SUPD_URSA=1&TYPENC=E&CLIENT_PHPVER=5.6.30&NGINX=Y&dbv=5.7.18&instm=main%2C17.0.15%2CN%3Bcatalog%2C17.0.13%2CN%3Beshopapp%2C16.5.0%2CN%3Breport%2C17.0.0%2CN%3Bvote%2C17.5.0%2CN%3Bphotogallery%2C17.0.2%2CN%3Bscale%2C17.0.1%2CN%3Bfileman%2C17.5.4%2CN%3Bcompression%2C16.0.0%2CN%3Bbitrix.eshop%2C17.0.0%2CN%3Bblog%2C17.5.5%2CN%3Bconversion%2C17.5.0%2CN%3Btranslate%2C16.0.0%2CN%3Bbitrix.sitecorporate%2C15.5.0%2CN%3Bcurrency%2C17.0.5%2CN%3Bseo%2C17.1.1%2CN%3Bsearch%2C17.0.1%2CN%3Bb24connector%2C17.0.1%2CN%3Bform%2C17.0.1%2CN%3Bsubscribe%2C17.0.1%2CN%3Bsender%2C17.1.3%2CN%3Bsecurity%2C17.0.1%2CN%3Bclouds%2C17.0.1%2CN%3Bhighloadblock%2C17.0.2%2CN%3Bstoreassist%2C16.0.1%2CN%3Bpull%2C17.1.0%2CN%3Bbitrixcloud%2C17.0.1%2CN%3Biblock%2C17.0.12%2CN%3Bsocialservices%2C17.1.5%2CN%3Babtest%2C17.5.0%2CN%3Bmobileapp%2C17.0.1%2CN%3Bforum%2C17.5.1%2CN%3Bsale%2C17.0.32%2CN%3Bperfmon%2C17.0.0%2CN&reqm=bitrix.eshop%2Cbitrix.sitecorporate&fullmoduleinfo=Y&SUPD_SRS=RU&SUPD_CMP=N
2017-10-24 16:45:38 -  - exec CUpdateClientPartner::GetHTTPPage
2017-10-24 16:45:39 -  - TIME GetUpdatesList(request) 0.864 sec
2017-10-24 16:45:39 -  - exec CUpdateClientPartner::ParseServerData
2017-10-24 16:45:42 -  - exec CUpdateClientPartner::GetUpdatesList
2017-10-24 16:45:42 -  - exec CUpdateClientPartner::__CollectRequestData
2017-10-24 16:45:42 -  - utf=Y&lang=ru&stable=Y&CANGZIP=Y&SUPD_DBS=MYSQL&XE=N&CLIENT_SITE=dev.russian-manchester.com&LICENSE_KEY=X&SUPD_STS=1&SUPD_URS=0&SUPD_URSA=1&TYPENC=E&CLIENT_PHPVER=5.6.30&NGINX=Y&dbv=5.7.18&instm=main%2C17.0.15%2CN%3Bcatalog%2C17.0.13%2CN%3Beshopapp%2C16.5.0%2CN%3Breport%2C17.0.0%2CN%3Bvote%2C17.5.0%2CN%3Bphotogallery%2C17.0.2%2CN%3Bscale%2C17.0.1%2CN%3Bfileman%2C17.5.4%2CN%3Bcompression%2C16.0.0%2CN%3Bbitrix.eshop%2C17.0.0%2CN%3Bblog%2C17.5.5%2CN%3Bconversion%2C17.5.0%2CN%3Btranslate%2C16.0.0%2CN%3Bbitrix.sitecorporate%2C15.5.0%2CN%3Bcurrency%2C17.0.5%2CN%3Bseo%2C17.1.1%2CN%3Bsearch%2C17.0.1%2CN%3Bb24connector%2C17.0.1%2CN%3Bform%2C17.0.1%2CN%3Bsubscribe%2C17.0.1%2CN%3Bsender%2C17.1.3%2CN%3Bsecurity%2C17.0.1%2CN%3Bclouds%2C17.0.1%2CN%3Bhighloadblock%2C17.0.2%2CN%3Bstoreassist%2C16.0.1%2CN%3Bpull%2C17.1.0%2CN%3Bbitrixcloud%2C17.0.1%2CN%3Biblock%2C17.0.12%2CN%3Bsocialservices%2C17.1.5%2CN%3Babtest%2C17.5.0%2CN%3Bmobileapp%2C17.0.1%2CN%3Bforum%2C17.5.1%2CN%3Bsale%2C17.0.32%2CN%3Bperfmon%2C17.0.0%2CN&reqm=bitrix.eshop%2Cbitrix.sitecorporate&SUPD_SRS=RU&SUPD_CMP=N
2017-10-24 16:45:42 -  - exec CUpdateClientPartner::GetHTTPPage
2017-10-24 16:45:42 -  - TIME GetUpdatesList(request) 0.564 sec
2017-10-24 16:45:42 -  - exec CUpdateClientPartner::ParseServerData
2017-10-24 16:45:45 -  - exec CUpdateClientPartner::LoadModulesUpdates
2017-10-24 16:45:45 -  - exec CUpdateClientPartner::__CollectRequestData
2017-10-24 16:45:45 -  - utf=Y&lang=ru&stable=Y&CANGZIP=Y&SUPD_DBS=MYSQL&XE=N&CLIENT_SITE=dev.russian-manchester.com&LICENSE_KEY=X&SUPD_STS=1&SUPD_URS=0&SUPD_URSA=1&TYPENC=E&CLIENT_PHPVER=5.6.30&NGINX=Y&dbv=5.7.18&instm=main%2C17.0.15%2CN%3Bcatalog%2C17.0.13%2CN%3Beshopapp%2C16.5.0%2CN%3Breport%2C17.0.0%2CN%3Bvote%2C17.5.0%2CN%3Bphotogallery%2C17.0.2%2CN%3Bscale%2C17.0.1%2CN%3Bfileman%2C17.5.4%2CN%3Bcompression%2C16.0.0%2CN%3Bbitrix.eshop%2C17.0.0%2CN%3Bblog%2C17.5.5%2CN%3Bconversion%2C17.5.0%2CN%3Btranslate%2C16.0.0%2CN%3Bbitrix.sitecorporate%2C15.5.0%2CN%3Bcurrency%2C17.0.5%2CN%3Bseo%2C17.1.1%2CN%3Bsearch%2C17.0.1%2CN%3Bb24connector%2C17.0.1%2CN%3Bform%2C17.0.1%2CN%3Bsubscribe%2C17.0.1%2CN%3Bsender%2C17.1.3%2CN%3Bsecurity%2C17.0.1%2CN%3Bclouds%2C17.0.1%2CN%3Bhighloadblock%2C17.0.2%2CN%3Bstoreassist%2C16.0.1%2CN%3Bpull%2C17.1.0%2CN%3Bbitrixcloud%2C17.0.1%2CN%3Biblock%2C17.0.12%2CN%3Bsocialservices%2C17.1.5%2CN%3Babtest%2C17.5.0%2CN%3Bmobileapp%2C17.0.1%2CN%3Bforum%2C17.5.1%2CN%3Bsale%2C17.0.32%2CN%3Bperfmon%2C17.0.0%2CN&reqm=bitlate.proshop&lim=Y&SUPD_SRS=RU&SUPD_CMP=N
2017-10-24 16:45:45 -  - exec CUpdateClientPartner::GetHTTPPage
2017-10-24 16:45:45 -  - TIME LoadModulesUpdates(request) 0.493 sec
2017-10-24 16:45:45 -  - exec CUpdateClientPartner::ParseServerData
2017-10-24 16:45:45 - S - STEP
2017-10-24 16:45:45 - LMU01 - LoadModulesUpdates-Step
2017-10-24 16:45:45 -  - exec CUpdateClientPartner::LoadModulesUpdates
2017-10-24 16:45:45 -  - exec CUpdateClientPartner::ParseServerData
2017-10-24 16:45:45 -  - loadFile
2017-10-24 16:46:09 - U - RETURN
2017-10-24 16:46:09 -  - exec CUpdateClientPartner::UnGzipArchive
2017-10-24 16:46:14 -  - TIME UnGzipArchive 5.373 sec
2017-10-24 16:46:19 -  - TIME UpdateStepModules 4.121 sec
2017-10-24 16:53:02 -  - exec CUpdateClientPartner::GetUpdatesList
2017-10-24 16:53:02 -  - exec CUpdateClientPartner::__CollectRequestData
2017-10-24 16:53:02 -  - utf=Y&lang=ru&stable=Y&CANGZIP=Y&SUPD_DBS=MYSQL&XE=N&CLIENT_SITE=dev.russian-manchester.com&LICENSE_KEY=X&SUPD_STS=1&SUPD_URS=0&SUPD_URSA=1&TYPENC=E&CLIENT_PHPVER=5.6.30&NGINX=Y&dbv=5.7.18&instm=main%2C17.0.15%2CN%3Bcatalog%2C17.0.13%2CN%3Beshopapp%2C16.5.0%2CN%3Breport%2C17.0.0%2CN%3Bvote%2C17.5.0%2CN%3Bphotogallery%2C17.0.2%2CN%3Bscale%2C17.0.1%2CN%3Bfileman%2C17.5.4%2CN%3Bcompression%2C16.0.0%2CN%3Bbitrix.eshop%2C17.0.0%2CN%3Bblog%2C17.5.5%2CN%3Bconversion%2C17.5.0%2CN%3Btranslate%2C16.0.0%2CN%3Bbitrix.sitecorporate%2C15.5.0%2CN%3Bcurrency%2C17.0.5%2CN%3Bseo%2C17.1.1%2CN%3Bsearch%2C17.0.1%2CN%3Bb24connector%2C17.0.1%2CN%3Bform%2C17.0.1%2CN%3Bsubscribe%2C17.0.1%2CN%3Bsender%2C17.1.3%2CN%3Bsecurity%2C17.0.1%2CN%3Bclouds%2C17.0.1%2CN%3Bhighloadblock%2C17.0.2%2CN%3Bstoreassist%2C16.0.1%2CN%3Bpull%2C17.1.0%2CN%3Bbitlate.proshop%2C2.0.1%2CN%3Bbitrixcloud%2C17.0.1%2CN%3Biblock%2C17.0.12%2CN%3Bsocialservices%2C17.1.5%2CN%3Babtest%2C17.5.0%2CN%3Bmobileapp%2C17.0.1%2CN%3Bforum%2C17.5.1%2CN%3Bsale%2C17.0.32%2CN%3Bperfmon%2C17.0.0%2CN&reqm=bitrix.eshop%2Cbitrix.sitecorporate%2Cbitlate.proshop&SUPD_SRS=RU&SUPD_CMP=N
2017-10-24 16:53:02 -  - exec CUpdateClientPartner::GetHTTPPage
2017-10-24 16:53:03 -  - TIME GetUpdatesList(request) 0.588 sec
2017-10-24 16:53:03 -  - exec CUpdateClientPartner::ParseServerData
2017-10-24 16:53:04 -  - exec CUpdateClientPartner::GetUpdatesList
2017-10-24 16:53:04 -  - exec CUpdateClientPartner::__CollectRequestData
2017-10-24 16:53:04 -  - utf=Y&lang=ru&stable=Y&CANGZIP=Y&SUPD_DBS=MYSQL&XE=N&CLIENT_SITE=dev.russian-manchester.com&LICENSE_KEY=X&SUPD_STS=1&SUPD_URS=0&SUPD_URSA=1&TYPENC=E&CLIENT_PHPVER=5.6.30&NGINX=Y&dbv=5.7.18&instm=main%2C17.0.15%2CN%3Bcatalog%2C17.0.13%2CN%3Beshopapp%2C16.5.0%2CN%3Breport%2C17.0.0%2CN%3Bvote%2C17.5.0%2CN%3Bphotogallery%2C17.0.2%2CN%3Bscale%2C17.0.1%2CN%3Bfileman%2C17.5.4%2CN%3Bcompression%2C16.0.0%2CN%3Bbitrix.eshop%2C17.0.0%2CN%3Bblog%2C17.5.5%2CN%3Bconversion%2C17.5.0%2CN%3Btranslate%2C16.0.0%2CN%3Bbitrix.sitecorporate%2C15.5.0%2CN%3Bcurrency%2C17.0.5%2CN%3Bseo%2C17.1.1%2CN%3Bsearch%2C17.0.1%2CN%3Bb24connector%2C17.0.1%2CN%3Bform%2C17.0.1%2CN%3Bsubscribe%2C17.0.1%2CN%3Bsender%2C17.1.3%2CN%3Bsecurity%2C17.0.1%2CN%3Bclouds%2C17.0.1%2CN%3Bhighloadblock%2C17.0.2%2CN%3Bstoreassist%2C16.0.1%2CN%3Bpull%2C17.1.0%2CN%3Bbitlate.proshop%2C2.0.1%2CN%3Bbitrixcloud%2C17.0.1%2CN%3Biblock%2C17.0.12%2CN%3Bsocialservices%2C17.1.5%2CN%3Babtest%2C17.5.0%2CN%3Bmobileapp%2C17.0.1%2CN%3Bforum%2C17.5.1%2CN%3Bsale%2C17.0.32%2CN%3Bperfmon%2C17.0.0%2CN&reqm=bitrix.eshop%2Cbitrix.sitecorporate%2Cbitlate.proshop&fullmoduleinfo=Y&SUPD_SRS=RU&SUPD_CMP=N
2017-10-24 16:53:04 -  - exec CUpdateClientPartner::GetHTTPPage
2017-10-24 16:53:05 -  - TIME GetUpdatesList(request) 0.368 sec
2017-10-24 16:53:05 -  - exec CUpdateClientPartner::ParseServerData
2017-10-24 16:53:12 -  - exec CUpdateClientPartner::GetUpdatesList
2017-10-24 16:53:12 -  - exec CUpdateClientPartner::__CollectRequestData
2017-10-24 16:53:12 -  - utf=Y&lang=ru&stable=Y&CANGZIP=Y&SUPD_DBS=MYSQL&XE=N&CLIENT_SITE=dev.russian-manchester.com&LICENSE_KEY=X&SUPD_STS=1&SUPD_URS=0&SUPD_URSA=1&TYPENC=E&CLIENT_PHPVER=5.6.30&NGINX=Y&dbv=5.7.18&instm=main%2C17.0.15%2CN%3Bcatalog%2C17.0.13%2CN%3Beshopapp%2C16.5.0%2CN%3Breport%2C17.0.0%2CN%3Bvote%2C17.5.0%2CN%3Bphotogallery%2C17.0.2%2CN%3Bscale%2C17.0.1%2CN%3Bfileman%2C17.5.4%2CN%3Bcompression%2C16.0.0%2CN%3Bbitrix.eshop%2C17.0.0%2CN%3Bblog%2C17.5.5%2CN%3Bconversion%2C17.5.0%2CN%3Btranslate%2C16.0.0%2CN%3Bbitrix.sitecorporate%2C15.5.0%2CN%3Bcurrency%2C17.0.5%2CN%3Bseo%2C17.1.1%2CN%3Bsearch%2C17.0.1%2CN%3Bb24connector%2C17.0.1%2CN%3Bform%2C17.0.1%2CN%3Bsubscribe%2C17.0.1%2CN%3Bsender%2C17.1.3%2CN%3Bsecurity%2C17.0.1%2CN%3Bclouds%2C17.0.1%2CN%3Bhighloadblock%2C17.0.2%2CN%3Bstoreassist%2C16.0.1%2CN%3Bpull%2C17.1.0%2CN%3Bbitlate.proshop%2C2.0.1%2CN%3Bbitrixcloud%2C17.0.1%2CN%3Biblock%2C17.0.12%2CN%3Bsocialservices%2C17.1.5%2CN%3Babtest%2C17.5.0%2CN%3Bmobileapp%2C17.0.1%2CN%3Bforum%2C17.5.1%2CN%3Bsale%2C17.0.32%2CN%3Bperfmon%2C17.0.0%2CN&reqm=bitrix.eshop%2Cbitrix.sitecorporate%2Cbitlate.proshop%2Cbitlate.proshop&SUPD_SRS=RU&SUPD_CMP=N
2017-10-24 16:53:12 -  - exec CUpdateClientPartner::GetHTTPPage
2017-10-24 16:53:12 -  - TIME GetUpdatesList(request) 0.321 sec
2017-10-24 16:53:12 -  - exec CUpdateClientPartner::ParseServerData
2017-10-24 16:53:15 -  - exec CUpdateClientPartner::LoadModulesUpdates
2017-10-24 16:53:15 -  - exec CUpdateClientPartner::__CollectRequestData
2017-10-24 16:53:15 -  - utf=Y&lang=ru&stable=Y&CANGZIP=Y&SUPD_DBS=MYSQL&XE=N&CLIENT_SITE=dev.russian-manchester.com&LICENSE_KEY=X&SUPD_STS=1&SUPD_URS=0&SUPD_URSA=1&TYPENC=E&CLIENT_PHPVER=5.6.30&NGINX=Y&dbv=5.7.18&instm=main%2C17.0.15%2CN%3Bcatalog%2C17.0.13%2CN%3Beshopapp%2C16.5.0%2CN%3Breport%2C17.0.0%2CN%3Bvote%2C17.5.0%2CN%3Bphotogallery%2C17.0.2%2CN%3Bscale%2C17.0.1%2CN%3Bfileman%2C17.5.4%2CN%3Bcompression%2C16.0.0%2CN%3Bbitrix.eshop%2C17.0.0%2CN%3Bblog%2C17.5.5%2CN%3Bconversion%2C17.5.0%2CN%3Btranslate%2C16.0.0%2CN%3Bbitrix.sitecorporate%2C15.5.0%2CN%3Bcurrency%2C17.0.5%2CN%3Bseo%2C17.1.1%2CN%3Bsearch%2C17.0.1%2CN%3Bb24connector%2C17.0.1%2CN%3Bform%2C17.0.1%2CN%3Bsubscribe%2C17.0.1%2CN%3Bsender%2C17.1.3%2CN%3Bsecurity%2C17.0.1%2CN%3Bclouds%2C17.0.1%2CN%3Bhighloadblock%2C17.0.2%2CN%3Bstoreassist%2C16.0.1%2CN%3Bpull%2C17.1.0%2CN%3Bbitlate.proshop%2C2.0.1%2CN%3Bbitrixcloud%2C17.0.1%2CN%3Biblock%2C17.0.12%2CN%3Bsocialservices%2C17.1.5%2CN%3Babtest%2C17.5.0%2CN%3Bmobileapp%2C17.0.1%2CN%3Bforum%2C17.5.1%2CN%3Bsale%2C17.0.32%2CN%3Bperfmon%2C17.0.0%2CN&reqm=bitlate.proshop&lim=Y&SUPD_SRS=RU&SUPD_CMP=N
2017-10-24 16:53:15 -  - exec CUpdateClientPartner::GetHTTPPage
2017-10-24 16:53:15 -  - TIME LoadModulesUpdates(request) 0.479 sec
2017-10-24 16:53:15 -  - exec CUpdateClientPartner::ParseServerData
2017-10-24 16:53:15 - S - STEP
2017-10-24 16:53:15 - LMU01 - LoadModulesUpdates-Step
2017-10-24 16:53:15 -  - exec CUpdateClientPartner::LoadModulesUpdates
2017-10-24 16:53:15 -  - exec CUpdateClientPartner::ParseServerData
2017-10-24 16:53:15 -  - loadFile
2017-10-24 16:53:16 - U - RETURN
2017-10-24 16:53:16 -  - exec CUpdateClientPartner::UnGzipArchive
2017-10-24 16:53:16 -  - TIME UnGzipArchive 0.324 sec
2017-10-24 16:53:16 - CSURUS1 - Run updater '/bitrix/updates/update_m1508853196/bitlate.proshop/updater2.0.2.php'
2017-10-24 16:53:17 -  - TIME UpdateStepModules 0.345 sec
2017-10-24 16:53:17 - UPD_SUCCESS - Updated: bitlate.proshop (2.0.2)<br>Добавлена детальная страница заказа<br> Добавлена плавная подгрузка товаров при клике на кнопку \"Посмотреть еще\"<br> Исправлена работа с дробным кол-вом товара<br> Исправлена ошибка удаления товара из корзины и сравнения в браузере Firefox<br> Исправлена ошибка сбрасывания правила обработки адреса для каталога после редактирования компонента<br> Исправлены стили оформления авторизации через соц. сети, сообщение об успешной авторизации, ширина всплывающих окон<br> Доработан мастер установки<br> <br> Внимание! Перед обновлением создайте копию папки шаблона bitlate_pro и папок /include/, /nl_ajax/, /personal/order/ в корне сайта, если вы вносили в них свои изменения.
2017-10-24 16:53:17 -  - exec CUpdateClientPartner::LoadModulesUpdates
2017-10-24 16:53:17 -  - exec CUpdateClientPartner::__CollectRequestData
2017-10-24 16:53:17 -  - utf=Y&lang=ru&stable=Y&CANGZIP=Y&SUPD_DBS=MYSQL&XE=N&CLIENT_SITE=dev.russian-manchester.com&LICENSE_KEY=X&SUPD_STS=1&SUPD_URS=0&SUPD_URSA=1&TYPENC=E&CLIENT_PHPVER=5.6.30&NGINX=Y&dbv=5.7.18&instm=main%2C17.0.15%2CN%3Bcatalog%2C17.0.13%2CN%3Beshopapp%2C16.5.0%2CN%3Breport%2C17.0.0%2CN%3Bvote%2C17.5.0%2CN%3Bphotogallery%2C17.0.2%2CN%3Bscale%2C17.0.1%2CN%3Bfileman%2C17.5.4%2CN%3Bcompression%2C16.0.0%2CN%3Bbitrix.eshop%2C17.0.0%2CN%3Bblog%2C17.5.5%2CN%3Bconversion%2C17.5.0%2CN%3Btranslate%2C16.0.0%2CN%3Bbitrix.sitecorporate%2C15.5.0%2CN%3Bcurrency%2C17.0.5%2CN%3Bseo%2C17.1.1%2CN%3Bsearch%2C17.0.1%2CN%3Bb24connector%2C17.0.1%2CN%3Bform%2C17.0.1%2CN%3Bsubscribe%2C17.0.1%2CN%3Bsender%2C17.1.3%2CN%3Bsecurity%2C17.0.1%2CN%3Bclouds%2C17.0.1%2CN%3Bhighloadblock%2C17.0.2%2CN%3Bstoreassist%2C16.0.1%2CN%3Bpull%2C17.1.0%2CN%3Bbitlate.proshop%2C2.0.2%2CN%3Bbitrixcloud%2C17.0.1%2CN%3Biblock%2C17.0.12%2CN%3Bsocialservices%2C17.1.5%2CN%3Babtest%2C17.5.0%2CN%3Bmobileapp%2C17.0.1%2CN%3Bforum%2C17.5.1%2CN%3Bsale%2C17.0.32%2CN%3Bperfmon%2C17.0.0%2CN&reqm=bitlate.proshop&lim=Y&SUPD_SRS=RU&SUPD_CMP=N
2017-10-24 16:53:17 -  - exec CUpdateClientPartner::GetHTTPPage
2017-10-24 16:53:17 -  - TIME LoadModulesUpdates(request) 0.376 sec
2017-10-24 16:53:17 -  - exec CUpdateClientPartner::ParseServerData
2017-10-24 16:53:17 - S - STEP
2017-10-24 16:53:17 - LMU01 - LoadModulesUpdates-Step
2017-10-24 16:53:17 -  - exec CUpdateClientPartner::LoadModulesUpdates
2017-10-24 16:53:17 -  - exec CUpdateClientPartner::ParseServerData
2017-10-24 16:53:17 -  - loadFile
2017-10-24 16:53:18 - U - RETURN
2017-10-24 16:53:18 -  - exec CUpdateClientPartner::UnGzipArchive
2017-10-24 16:53:18 -  - TIME UnGzipArchive 0.289 sec
2017-10-24 16:53:18 - CSURUS1 - Run updater '/bitrix/updates/update_m1508853198/bitlate.proshop/updater2.0.3.php'
2017-10-24 16:53:19 -  - TIME UpdateStepModules 0.237 sec
2017-10-24 16:53:19 - UPD_SUCCESS - Updated: bitlate.proshop (2.0.3)<br>Добавлена возможность фиксации главного меню при прокрутке<br> Доработана возможность вывода видео в карточке товара по полной ссылке с сервиса youtube.com<br> Правки в стилях<br> Правки в установщике<br> <br> Внимание! Перед обновлением создайте копию папки шаблона bitlate_pro, если вы вносили в него свои изменения.
2017-10-24 16:53:19 -  - exec CUpdateClientPartner::LoadModulesUpdates
2017-10-24 16:53:19 -  - exec CUpdateClientPartner::__CollectRequestData
2017-10-24 16:53:19 -  - utf=Y&lang=ru&stable=Y&CANGZIP=Y&SUPD_DBS=MYSQL&XE=N&CLIENT_SITE=dev.russian-manchester.com&LICENSE_KEY=X&SUPD_STS=1&SUPD_URS=0&SUPD_URSA=1&TYPENC=E&CLIENT_PHPVER=5.6.30&NGINX=Y&dbv=5.7.18&instm=main%2C17.0.15%2CN%3Bcatalog%2C17.0.13%2CN%3Beshopapp%2C16.5.0%2CN%3Breport%2C17.0.0%2CN%3Bvote%2C17.5.0%2CN%3Bphotogallery%2C17.0.2%2CN%3Bscale%2C17.0.1%2CN%3Bfileman%2C17.5.4%2CN%3Bcompression%2C16.0.0%2CN%3Bbitrix.eshop%2C17.0.0%2CN%3Bblog%2C17.5.5%2CN%3Bconversion%2C17.5.0%2CN%3Btranslate%2C16.0.0%2CN%3Bbitrix.sitecorporate%2C15.5.0%2CN%3Bcurrency%2C17.0.5%2CN%3Bseo%2C17.1.1%2CN%3Bsearch%2C17.0.1%2CN%3Bb24connector%2C17.0.1%2CN%3Bform%2C17.0.1%2CN%3Bsubscribe%2C17.0.1%2CN%3Bsender%2C17.1.3%2CN%3Bsecurity%2C17.0.1%2CN%3Bclouds%2C17.0.1%2CN%3Bhighloadblock%2C17.0.2%2CN%3Bstoreassist%2C16.0.1%2CN%3Bpull%2C17.1.0%2CN%3Bbitlate.proshop%2C2.0.3%2CN%3Bbitrixcloud%2C17.0.1%2CN%3Biblock%2C17.0.12%2CN%3Bsocialservices%2C17.1.5%2CN%3Babtest%2C17.5.0%2CN%3Bmobileapp%2C17.0.1%2CN%3Bforum%2C17.5.1%2CN%3Bsale%2C17.0.32%2CN%3Bperfmon%2C17.0.0%2CN&reqm=bitlate.proshop&lim=Y&SUPD_SRS=RU&SUPD_CMP=N
2017-10-24 16:53:19 -  - exec CUpdateClientPartner::GetHTTPPage
2017-10-24 16:53:19 -  - TIME LoadModulesUpdates(request) 0.36 sec
2017-10-24 16:53:19 -  - exec CUpdateClientPartner::ParseServerData
2017-10-24 16:53:19 - STEP - Finish - NOUPDATES
2017-10-24 16:53:19 - STEP - Finish - NOUPDATES
2017-10-24 16:53:22 -  - exec CUpdateClientPartner::GetUpdatesList
2017-10-24 16:53:22 -  - exec CUpdateClientPartner::__CollectRequestData
2017-10-24 16:53:22 -  - utf=Y&lang=ru&stable=Y&CANGZIP=Y&SUPD_DBS=MYSQL&XE=N&CLIENT_SITE=dev.russian-manchester.com&LICENSE_KEY=X&SUPD_STS=1&SUPD_URS=0&SUPD_URSA=1&TYPENC=E&CLIENT_PHPVER=5.6.30&NGINX=Y&dbv=5.7.18&instm=main%2C17.0.15%2CN%3Bcatalog%2C17.0.13%2CN%3Beshopapp%2C16.5.0%2CN%3Breport%2C17.0.0%2CN%3Bvote%2C17.5.0%2CN%3Bphotogallery%2C17.0.2%2CN%3Bscale%2C17.0.1%2CN%3Bfileman%2C17.5.4%2CN%3Bcompression%2C16.0.0%2CN%3Bbitrix.eshop%2C17.0.0%2CN%3Bblog%2C17.5.5%2CN%3Bconversion%2C17.5.0%2CN%3Btranslate%2C16.0.0%2CN%3Bbitrix.sitecorporate%2C15.5.0%2CN%3Bcurrency%2C17.0.5%2CN%3Bseo%2C17.1.1%2CN%3Bsearch%2C17.0.1%2CN%3Bb24connector%2C17.0.1%2CN%3Bform%2C17.0.1%2CN%3Bsubscribe%2C17.0.1%2CN%3Bsender%2C17.1.3%2CN%3Bsecurity%2C17.0.1%2CN%3Bclouds%2C17.0.1%2CN%3Bhighloadblock%2C17.0.2%2CN%3Bstoreassist%2C16.0.1%2CN%3Bpull%2C17.1.0%2CN%3Bbitlate.proshop%2C2.0.3%2CN%3Bbitrixcloud%2C17.0.1%2CN%3Biblock%2C17.0.12%2CN%3Bsocialservices%2C17.1.5%2CN%3Babtest%2C17.5.0%2CN%3Bmobileapp%2C17.0.1%2CN%3Bforum%2C17.5.1%2CN%3Bsale%2C17.0.32%2CN%3Bperfmon%2C17.0.0%2CN&reqm=bitrix.eshop%2Cbitrix.sitecorporate%2Cbitlate.proshop&SUPD_SRS=RU&SUPD_CMP=N
2017-10-24 16:53:22 -  - exec CUpdateClientPartner::GetHTTPPage
2017-10-24 16:53:22 -  - TIME GetUpdatesList(request) 0.273 sec
2017-10-24 16:53:22 -  - exec CUpdateClientPartner::ParseServerData
2017-10-24 16:53:24 -  - exec CUpdateClientPartner::GetUpdatesList
2017-10-24 16:53:24 -  - exec CUpdateClientPartner::__CollectRequestData
2017-10-24 16:53:24 -  - utf=Y&lang=ru&stable=Y&CANGZIP=Y&SUPD_DBS=MYSQL&XE=N&CLIENT_SITE=dev.russian-manchester.com&LICENSE_KEY=X&SUPD_STS=1&SUPD_URS=0&SUPD_URSA=1&TYPENC=E&CLIENT_PHPVER=5.6.30&NGINX=Y&dbv=5.7.18&instm=main%2C17.0.15%2CN%3Bcatalog%2C17.0.13%2CN%3Beshopapp%2C16.5.0%2CN%3Breport%2C17.0.0%2CN%3Bvote%2C17.5.0%2CN%3Bphotogallery%2C17.0.2%2CN%3Bscale%2C17.0.1%2CN%3Bfileman%2C17.5.4%2CN%3Bcompression%2C16.0.0%2CN%3Bbitrix.eshop%2C17.0.0%2CN%3Bblog%2C17.5.5%2CN%3Bconversion%2C17.5.0%2CN%3Btranslate%2C16.0.0%2CN%3Bbitrix.sitecorporate%2C15.5.0%2CN%3Bcurrency%2C17.0.5%2CN%3Bseo%2C17.1.1%2CN%3Bsearch%2C17.0.1%2CN%3Bb24connector%2C17.0.1%2CN%3Bform%2C17.0.1%2CN%3Bsubscribe%2C17.0.1%2CN%3Bsender%2C17.1.3%2CN%3Bsecurity%2C17.0.1%2CN%3Bclouds%2C17.0.1%2CN%3Bhighloadblock%2C17.0.2%2CN%3Bstoreassist%2C16.0.1%2CN%3Bpull%2C17.1.0%2CN%3Bbitlate.proshop%2C2.0.3%2CN%3Bbitrixcloud%2C17.0.1%2CN%3Biblock%2C17.0.12%2CN%3Bsocialservices%2C17.1.5%2CN%3Babtest%2C17.5.0%2CN%3Bmobileapp%2C17.0.1%2CN%3Bforum%2C17.5.1%2CN%3Bsale%2C17.0.32%2CN%3Bperfmon%2C17.0.0%2CN&reqm=bitrix.eshop%2Cbitrix.sitecorporate%2Cbitlate.proshop&fullmoduleinfo=Y&SUPD_SRS=RU&SUPD_CMP=N
2017-10-24 16:53:24 -  - exec CUpdateClientPartner::GetHTTPPage
2017-10-24 16:53:25 -  - TIME GetUpdatesList(request) 0.5 sec
2017-10-24 16:53:25 -  - exec CUpdateClientPartner::ParseServerData
2017-10-24 16:53:27 -  - exec CUpdateClientPartner::GetUpdatesList
2017-10-24 16:53:27 -  - exec CUpdateClientPartner::__CollectRequestData
2017-10-24 16:53:27 -  - utf=Y&lang=ru&stable=Y&CANGZIP=Y&SUPD_DBS=MYSQL&XE=N&CLIENT_SITE=dev.russian-manchester.com&LICENSE_KEY=X&SUPD_STS=1&SUPD_URS=0&SUPD_URSA=1&TYPENC=E&CLIENT_PHPVER=5.6.30&NGINX=Y&dbv=5.7.18&instm=main%2C17.0.15%2CN%3Bcatalog%2C17.0.13%2CN%3Beshopapp%2C16.5.0%2CN%3Breport%2C17.0.0%2CN%3Bvote%2C17.5.0%2CN%3Bphotogallery%2C17.0.2%2CN%3Bscale%2C17.0.1%2CN%3Bfileman%2C17.5.4%2CN%3Bcompression%2C16.0.0%2CN%3Bbitrix.eshop%2C17.0.0%2CN%3Bblog%2C17.5.5%2CN%3Bconversion%2C17.5.0%2CN%3Btranslate%2C16.0.0%2CN%3Bbitrix.sitecorporate%2C15.5.0%2CN%3Bcurrency%2C17.0.5%2CN%3Bseo%2C17.1.1%2CN%3Bsearch%2C17.0.1%2CN%3Bb24connector%2C17.0.1%2CN%3Bform%2C17.0.1%2CN%3Bsubscribe%2C17.0.1%2CN%3Bsender%2C17.1.3%2CN%3Bsecurity%2C17.0.1%2CN%3Bclouds%2C17.0.1%2CN%3Bhighloadblock%2C17.0.2%2CN%3Bstoreassist%2C16.0.1%2CN%3Bpull%2C17.1.0%2CN%3Bbitlate.proshop%2C2.0.3%2CN%3Bbitrixcloud%2C17.0.1%2CN%3Biblock%2C17.0.12%2CN%3Bsocialservices%2C17.1.5%2CN%3Babtest%2C17.5.0%2CN%3Bmobileapp%2C17.0.1%2CN%3Bforum%2C17.5.1%2CN%3Bsale%2C17.0.32%2CN%3Bperfmon%2C17.0.0%2CN&reqm=bitrix.eshop%2Cbitrix.sitecorporate%2Cbitlate.proshop&fullmoduleinfo=Y&SUPD_SRS=RU&SUPD_CMP=N
2017-10-24 16:53:27 -  - exec CUpdateClientPartner::GetHTTPPage
2017-10-24 16:53:28 -  - TIME GetUpdatesList(request) 0.411 sec
2017-10-24 16:53:28 -  - exec CUpdateClientPartner::ParseServerData
2017-10-24 16:53:32 -  - exec CUpdateClientPartner::GetUpdatesList
2017-10-24 16:53:32 -  - exec CUpdateClientPartner::__CollectRequestData
2017-10-24 16:53:32 -  - utf=Y&lang=ru&stable=Y&CANGZIP=Y&SUPD_DBS=MYSQL&XE=N&CLIENT_SITE=dev.russian-manchester.com&LICENSE_KEY=X&SUPD_STS=1&SUPD_URS=0&SUPD_URSA=1&TYPENC=E&CLIENT_PHPVER=5.6.30&NGINX=Y&dbv=5.7.18&instm=main%2C17.0.15%2CN%3Bcatalog%2C17.0.13%2CN%3Beshopapp%2C16.5.0%2CN%3Breport%2C17.0.0%2CN%3Bvote%2C17.5.0%2CN%3Bphotogallery%2C17.0.2%2CN%3Bscale%2C17.0.1%2CN%3Bfileman%2C17.5.4%2CN%3Bcompression%2C16.0.0%2CN%3Bbitrix.eshop%2C17.0.0%2CN%3Bblog%2C17.5.5%2CN%3Bconversion%2C17.5.0%2CN%3Btranslate%2C16.0.0%2CN%3Bbitrix.sitecorporate%2C15.5.0%2CN%3Bcurrency%2C17.0.5%2CN%3Bseo%2C17.1.1%2CN%3Bsearch%2C17.0.1%2CN%3Bb24connector%2C17.0.1%2CN%3Bform%2C17.0.1%2CN%3Bsubscribe%2C17.0.1%2CN%3Bsender%2C17.1.3%2CN%3Bsecurity%2C17.0.1%2CN%3Bclouds%2C17.0.1%2CN%3Bhighloadblock%2C17.0.2%2CN%3Bstoreassist%2C16.0.1%2CN%3Bpull%2C17.1.0%2CN%3Bbitlate.proshop%2C2.0.3%2CN%3Bbitrixcloud%2C17.0.1%2CN%3Biblock%2C17.0.12%2CN%3Bsocialservices%2C17.1.5%2CN%3Babtest%2C17.5.0%2CN%3Bmobileapp%2C17.0.1%2CN%3Bforum%2C17.5.1%2CN%3Bsale%2C17.0.32%2CN%3Bperfmon%2C17.0.0%2CN&reqm=bitrix.eshop%2Cbitrix.sitecorporate%2Cbitlate.proshop&fullmoduleinfo=Y&SUPD_SRS=RU&SUPD_CMP=N
2017-10-24 16:53:32 -  - exec CUpdateClientPartner::GetHTTPPage
2017-10-24 16:53:32 -  - TIME GetUpdatesList(request) 0.373 sec
2017-10-24 16:53:32 -  - exec CUpdateClientPartner::ParseServerData
